Построение начато 27.05.2017 22:20:57.
     1>Проект "C:\Users\алешка\Documents\GitHub\server\Проект6\Проект6.vcxproj" в узле 2 (целевые объекты Build).
     1>ClCompile:
         C:\Program Files (x86)\Microsoft Visual Studio 11.0\VC\bin\CL.exe /c /AI"C:\Program Files (x86)\Reference Assemblies\Microsoft\Framework\.NETFramework\v4.0" /AI"C:\Program Files (x86)\Windows Kits\8.0\References\CommonConfiguration\Neutral" /Zi /clr /nologo /W3 /WX- /O2 /Oi /Oy- /GL /D _UNICODE /D UNICODE /EHa /MD /GS /Gy /fp:precise /Zc:wchar_t /Zc:forScope /Fo"Release\\" /Fd"Release\vc110.pdb" /TP /FU"C:\Program Files (x86)\Reference Assemblies\Microsoft\Framework\.NETFramework\v4.0\mscorlib.dll" /analyze- /errorReport:prompt /clr:nostdlib server.cpp
         server.cpp
     1>server.cpp(134): warning C4996: 'strtok': This function or variable may be unsafe. Consider using strtok_s instead. To disable deprecation, use _CRT_SECURE_NO_WARNINGS. See online help for details.
                 C:\Program Files (x86)\Microsoft Visual Studio 11.0\VC\include\string.h(200): см. объявление "strtok"
     1>server.cpp(139): warning C4996: 'strtok': This function or variable may be unsafe. Consider using strtok_s instead. To disable deprecation, use _CRT_SECURE_NO_WARNINGS. See online help for details.
                 C:\Program Files (x86)\Microsoft Visual Studio 11.0\VC\include\string.h(200): см. объявление "strtok"
     1>c:\users\алешка\documents\github\server\проект6\server.cpp(52): warning C4715: chk: значение возвращается не при всех путях выполнения
     1>c:\users\алешка\documents\github\server\проект6\server.cpp(57): warning C4715: von: значение возвращается не при всех путях выполнения
     1>c:\users\алешка\documents\github\server\проект6\server.cpp(94): warning C4715: ck: значение возвращается не при всех путях выполнения
       Link:
         C:\Program Files (x86)\Microsoft Visual Studio 11.0\VC\bin\link.exe /ERRORREPORT:PROMPT /OUT:"C:\Users\алешка\Documents\GitHub\server\Release\Проект6.exe" /NOLOGO kernel32.lib user32.lib gdi32.lib winspool.lib comdlg32.lib advapi32.lib shell32.lib ole32.lib oleaut32.lib uuid.lib odbc32.lib odbccp32.lib /MANIFEST /MANIFESTUAC:"level='asInvoker' uiAccess='false'" /manifest:embed /DEBUG /PDB:"C:\Users\алешка\Documents\GitHub\server\Release\Проект6.pdb" /OPT:REF /OPT:ICF /LTCG /TLBID:1 /RELEASE /DYNAMICBASE /FIXED:NO /NXCOMPAT /MACHINE:X86 /SAFESEH Release\server.obj
         "Release\.NETFramework,Version=v4.0.AssemblyAttributes.obj"
         LINK : указан параметр /LTCG, но не требуется создание кода; удалите /LTCG из командной строки компоновки для повышения производительности компоновщика
         Проект6.vcxproj -> C:\Users\алешка\Documents\GitHub\server\Release\Проект6.exe
     1>Построение проекта "C:\Users\алешка\Documents\GitHub\server\Проект6\Проект6.vcxproj" завершено (целевые объекты Build).

Построение успешно завершено.

Затраченное время: 00:00:01.91
